# Logfile created on 2014-02-06 17:48:56 -0500 by logger.rb/41954
I, [2014-02-06T17:48:56.289127 #55476]  INFO -- : 0:  i18n (0.6.9) from /Users/gerickson/.rvm/gems/ruby-2.0.0-p353@json_tagged_logging/specifications/i18n-0.6.9.gemspec
I, [2014-02-06T17:48:57.563087 #55476]  INFO -- : 0:  minitest (4.7.5) from /Users/gerickson/.rvm/gems/ruby-2.0.0-p353@json_tagged_logging/specifications/minitest-4.7.5.gemspec
I, [2014-02-06T17:48:58.663289 #55476]  INFO -- : 0:  multi_json (1.8.4) from /Users/gerickson/.rvm/gems/ruby-2.0.0-p353@json_tagged_logging/specifications/multi_json-1.8.4.gemspec
I, [2014-02-06T17:49:00.231188 #55476]  INFO -- : 0:  atomic (1.1.14) from /Users/gerickson/.rvm/gems/ruby-2.0.0-p353@json_tagged_logging/specifications/atomic-1.1.14.gemspec
I, [2014-02-06T17:49:01.574366 #55476]  INFO -- : 0:  thread_safe (0.1.3) from /Users/gerickson/.rvm/gems/ruby-2.0.0-p353@json_tagged_logging/specifications/thread_safe-0.1.3.gemspec
I, [2014-02-06T17:49:02.933475 #55476]  INFO -- : 0:  tzinfo (0.3.38) from /Users/gerickson/.rvm/gems/ruby-2.0.0-p353@json_tagged_logging/specifications/tzinfo-0.3.38.gemspec
I, [2014-02-06T17:49:04.188855 #55476]  INFO -- : 0:  activesupport (4.0.2) from /Users/gerickson/.rvm/gems/ruby-2.0.0-p353@json_tagged_logging/specifications/activesupport-4.0.2.gemspec
I, [2014-02-06T17:49:04.189281 #55476]  INFO -- : 0:  bundler (1.5.1) from /Users/gerickson/.rvm/gems/ruby-2.0.0-p353@global/specifications/bundler-1.5.1.gemspec
I, [2014-02-06T17:55:59.668059 #56480]  INFO -- : 0:  i18n (0.6.9) from /Users/gerickson/.rvm/gems/ruby-2.0.0-p353@json_tagged_logging/specifications/i18n-0.6.9.gemspec
I, [2014-02-06T17:55:59.668493 #56480]  INFO -- : 0:  minitest (4.7.5) from /Users/gerickson/.rvm/gems/ruby-2.0.0-p353@json_tagged_logging/specifications/minitest-4.7.5.gemspec
I, [2014-02-06T17:55:59.668771 #56480]  INFO -- : 0:  multi_json (1.8.4) from /Users/gerickson/.rvm/gems/ruby-2.0.0-p353@json_tagged_logging/specifications/multi_json-1.8.4.gemspec
I, [2014-02-06T17:55:59.669031 #56480]  INFO -- : 0:  atomic (1.1.14) from /Users/gerickson/.rvm/gems/ruby-2.0.0-p353@json_tagged_logging/specifications/atomic-1.1.14.gemspec
I, [2014-02-06T17:55:59.669316 #56480]  INFO -- : 0:  thread_safe (0.1.3) from /Users/gerickson/.rvm/gems/ruby-2.0.0-p353@json_tagged_logging/specifications/thread_safe-0.1.3.gemspec
I, [2014-02-06T17:55:59.669558 #56480]  INFO -- : 0:  tzinfo (0.3.38) from /Users/gerickson/.rvm/gems/ruby-2.0.0-p353@json_tagged_logging/specifications/tzinfo-0.3.38.gemspec
I, [2014-02-06T17:55:59.669806 #56480]  INFO -- : 0:  activesupport (4.0.2) from /Users/gerickson/.rvm/gems/ruby-2.0.0-p353@json_tagged_logging/specifications/activesupport-4.0.2.gemspec
I, [2014-02-06T17:55:59.670097 #56480]  INFO -- : 0:  diff-lcs (1.2.5) from /Users/gerickson/.rvm/gems/ruby-2.0.0-p353@global/specifications/diff-lcs-1.2.5.gemspec
I, [2014-02-06T17:56:01.345700 #56480]  INFO -- : 0:  rspec-core (2.14.7) from /Users/gerickson/.rvm/gems/ruby-2.0.0-p353@json_tagged_logging/specifications/rspec-core-2.14.7.gemspec
I, [2014-02-06T17:56:02.738198 #56480]  INFO -- : 0:  rspec-expectations (2.14.5) from /Users/gerickson/.rvm/gems/ruby-2.0.0-p353@json_tagged_logging/specifications/rspec-expectations-2.14.5.gemspec
I, [2014-02-06T17:56:04.466986 #56480]  INFO -- : 0:  rspec-mocks (2.14.5) from /Users/gerickson/.rvm/gems/ruby-2.0.0-p353@json_tagged_logging/specifications/rspec-mocks-2.14.5.gemspec
I, [2014-02-06T17:56:05.498594 #56480]  INFO -- : 0:  rspec (2.14.1) from /Users/gerickson/.rvm/gems/ruby-2.0.0-p353@json_tagged_logging/specifications/rspec-2.14.1.gemspec
I, [2014-02-06T17:56:06.843081 #56480]  INFO -- : 0:  respec (0.5.0) from /Users/gerickson/.rvm/gems/ruby-2.0.0-p353@json_tagged_logging/specifications/respec-0.5.0.gemspec
I, [2014-02-06T17:56:06.843399 #56480]  INFO -- : 0:  bundler (1.5.1) from /Users/gerickson/.rvm/gems/ruby-2.0.0-p353@global/specifications/bundler-1.5.1.gemspec
I, [2014-02-06T18:07:33.175994 #57668]  INFO -- : 0:  i18n (0.6.9) from /Users/gerickson/.rvm/gems/ruby-2.0.0-p353@json_tagged_logging/specifications/i18n-0.6.9.gemspec
I, [2014-02-06T18:07:33.176402 #57668]  INFO -- : 0:  minitest (4.7.5) from /Users/gerickson/.rvm/gems/ruby-2.0.0-p353@json_tagged_logging/specifications/minitest-4.7.5.gemspec
I, [2014-02-06T18:07:33.176661 #57668]  INFO -- : 0:  multi_json (1.8.4) from /Users/gerickson/.rvm/gems/ruby-2.0.0-p353@json_tagged_logging/specifications/multi_json-1.8.4.gemspec
I, [2014-02-06T18:07:33.176916 #57668]  INFO -- : 0:  atomic (1.1.14) from /Users/gerickson/.rvm/gems/ruby-2.0.0-p353@json_tagged_logging/specifications/atomic-1.1.14.gemspec
I, [2014-02-06T18:07:33.177159 #57668]  INFO -- : 0:  thread_safe (0.1.3) from /Users/gerickson/.rvm/gems/ruby-2.0.0-p353@json_tagged_logging/specifications/thread_safe-0.1.3.gemspec
I, [2014-02-06T18:07:33.177406 #57668]  INFO -- : 0:  tzinfo (0.3.38) from /Users/gerickson/.rvm/gems/ruby-2.0.0-p353@json_tagged_logging/specifications/tzinfo-0.3.38.gemspec
I, [2014-02-06T18:07:33.177652 #57668]  INFO -- : 0:  activesupport (4.0.2) from /Users/gerickson/.rvm/gems/ruby-2.0.0-p353@json_tagged_logging/specifications/activesupport-4.0.2.gemspec
I, [2014-02-06T18:07:34.804664 #57668]  INFO -- : 0:  coderay (1.1.0) from /Users/gerickson/.rvm/gems/ruby-2.0.0-p353@json_tagged_logging/specifications/coderay-1.1.0.gemspec
I, [2014-02-06T18:07:34.805045 #57668]  INFO -- : 0:  diff-lcs (1.2.5) from /Users/gerickson/.rvm/gems/ruby-2.0.0-p353@global/specifications/diff-lcs-1.2.5.gemspec
I, [2014-02-06T18:07:35.676584 #57668]  INFO -- : 0:  method_source (0.8.2) from /Users/gerickson/.rvm/gems/ruby-2.0.0-p353@json_tagged_logging/specifications/method_source-0.8.2.gemspec
I, [2014-02-06T18:07:36.794435 #57668]  INFO -- : 0:  slop (3.4.7) from /Users/gerickson/.rvm/gems/ruby-2.0.0-p353@json_tagged_logging/specifications/slop-3.4.7.gemspec
I, [2014-02-06T18:07:38.312251 #57668]  INFO -- : 0:  pry (0.9.12.6) from /Users/gerickson/.rvm/gems/ruby-2.0.0-p353@json_tagged_logging/specifications/pry-0.9.12.6.gemspec
I, [2014-02-06T18:07:38.312610 #57668]  INFO -- : 0:  rspec-core (2.14.7) from /Users/gerickson/.rvm/gems/ruby-2.0.0-p353@json_tagged_logging/specifications/rspec-core-2.14.7.gemspec
I, [2014-02-06T18:07:38.312856 #57668]  INFO -- : 0:  rspec-expectations (2.14.5) from /Users/gerickson/.rvm/gems/ruby-2.0.0-p353@json_tagged_logging/specifications/rspec-expectations-2.14.5.gemspec
I, [2014-02-06T18:07:38.313092 #57668]  INFO -- : 0:  rspec-mocks (2.14.5) from /Users/gerickson/.rvm/gems/ruby-2.0.0-p353@json_tagged_logging/specifications/rspec-mocks-2.14.5.gemspec
I, [2014-02-06T18:07:38.313322 #57668]  INFO -- : 0:  rspec (2.14.1) from /Users/gerickson/.rvm/gems/ruby-2.0.0-p353@json_tagged_logging/specifications/rspec-2.14.1.gemspec
I, [2014-02-06T18:07:38.313550 #57668]  INFO -- : 0:  respec (0.5.0) from /Users/gerickson/.rvm/gems/ruby-2.0.0-p353@json_tagged_logging/specifications/respec-0.5.0.gemspec
I, [2014-02-06T18:07:38.313771 #57668]  INFO -- : 0:  bundler (1.5.1) from /Users/gerickson/.rvm/gems/ruby-2.0.0-p353@global/specifications/bundler-1.5.1.gemspec
I, [2014-02-06T18:21:35.806219 #58420]  INFO -- : 0:  i18n (0.6.9) from /Users/gerickson/.rvm/gems/ruby-2.0.0-p353@json_tagged_logging/specifications/i18n-0.6.9.gemspec
I, [2014-02-06T18:21:35.806627 #58420]  INFO -- : 0:  minitest (4.7.5) from /Users/gerickson/.rvm/gems/ruby-2.0.0-p353@json_tagged_logging/specifications/minitest-4.7.5.gemspec
I, [2014-02-06T18:21:35.806898 #58420]  INFO -- : 0:  multi_json (1.8.4) from /Users/gerickson/.rvm/gems/ruby-2.0.0-p353@json_tagged_logging/specifications/multi_json-1.8.4.gemspec
I, [2014-02-06T18:21:35.807190 #58420]  INFO -- : 0:  atomic (1.1.14) from /Users/gerickson/.rvm/gems/ruby-2.0.0-p353@json_tagged_logging/specifications/atomic-1.1.14.gemspec
I, [2014-02-06T18:21:35.807456 #58420]  INFO -- : 0:  thread_safe (0.1.3) from /Users/gerickson/.rvm/gems/ruby-2.0.0-p353@json_tagged_logging/specifications/thread_safe-0.1.3.gemspec
I, [2014-02-06T18:21:35.807690 #58420]  INFO -- : 0:  tzinfo (0.3.38) from /Users/gerickson/.rvm/gems/ruby-2.0.0-p353@json_tagged_logging/specifications/tzinfo-0.3.38.gemspec
I, [2014-02-06T18:21:35.807971 #58420]  INFO -- : 0:  activesupport (4.0.2) from /Users/gerickson/.rvm/gems/ruby-2.0.0-p353@json_tagged_logging/specifications/activesupport-4.0.2.gemspec
I, [2014-02-06T18:21:35.808200 #58420]  INFO -- : 0:  timers (1.1.0) from /Users/gerickson/.rvm/gems/ruby-2.0.0-p353@json_tagged_logging/specifications/timers-1.1.0.gemspec
I, [2014-02-06T18:21:35.808483 #58420]  INFO -- : 0:  celluloid (0.15.2) from /Users/gerickson/.rvm/gems/ruby-2.0.0-p353@json_tagged_logging/specifications/celluloid-0.15.2.gemspec
I, [2014-02-06T18:21:35.808738 #58420]  INFO -- : 0:  coderay (1.1.0) from /Users/gerickson/.rvm/gems/ruby-2.0.0-p353@json_tagged_logging/specifications/coderay-1.1.0.gemspec
I, [2014-02-06T18:21:35.808973 #58420]  INFO -- : 0:  diff-lcs (1.2.5) from /Users/gerickson/.rvm/gems/ruby-2.0.0-p353@global/specifications/diff-lcs-1.2.5.gemspec
I, [2014-02-06T18:21:35.809230 #58420]  INFO -- : 0:  ffi (1.9.3) from /Users/gerickson/.rvm/gems/ruby-2.0.0-p353@global/specifications/ffi-1.9.3.gemspec
I, [2014-02-06T18:21:35.809458 #58420]  INFO -- : 0:  formatador (0.2.4) from /Users/gerickson/.rvm/gems/ruby-2.0.0-p353@json_tagged_logging/specifications/formatador-0.2.4.gemspec
I, [2014-02-06T18:21:35.809718 #58420]  INFO -- : 0:  rb-fsevent (0.9.4) from /Users/gerickson/.rvm/gems/ruby-2.0.0-p353@global/specifications/rb-fsevent-0.9.4.gemspec
I, [2014-02-06T18:21:35.809969 #58420]  INFO -- : 0:  rb-inotify (0.9.3) from /Users/gerickson/.rvm/gems/ruby-2.0.0-p353@global/specifications/rb-inotify-0.9.3.gemspec
I, [2014-02-06T18:21:35.810199 #58420]  INFO -- : 0:  listen (2.4.0) from /Users/gerickson/.rvm/gems/ruby-2.0.0-p353@json_tagged_logging/specifications/listen-2.4.0.gemspec
I, [2014-02-06T18:21:35.810468 #58420]  INFO -- : 0:  lumberjack (1.0.4) from /Users/gerickson/.rvm/gems/ruby-2.0.0-p353@json_tagged_logging/specifications/lumberjack-1.0.4.gemspec
I, [2014-02-06T18:21:35.810724 #58420]  INFO -- : 0:  method_source (0.8.2) from /Users/gerickson/.rvm/gems/ruby-2.0.0-p353@json_tagged_logging/specifications/method_source-0.8.2.gemspec
I, [2014-02-06T18:21:35.810949 #58420]  INFO -- : 0:  slop (3.4.7) from /Users/gerickson/.rvm/gems/ruby-2.0.0-p353@json_tagged_logging/specifications/slop-3.4.7.gemspec
I, [2014-02-06T18:21:35.811192 #58420]  INFO -- : 0:  pry (0.9.12.6) from /Users/gerickson/.rvm/gems/ruby-2.0.0-p353@json_tagged_logging/specifications/pry-0.9.12.6.gemspec
I, [2014-02-06T18:21:35.811442 #58420]  INFO -- : 0:  thor (0.18.1) from /Users/gerickson/.rvm/gems/ruby-2.0.0-p353@json_tagged_logging/specifications/thor-0.18.1.gemspec
I, [2014-02-06T18:21:35.811663 #58420]  INFO -- : 0:  guard (2.4.0) from /Users/gerickson/.rvm/gems/ruby-2.0.0-p353@json_tagged_logging/specifications/guard-2.4.0.gemspec
I, [2014-02-06T18:21:35.811924 #58420]  INFO -- : 0:  rspec-core (2.14.7) from /Users/gerickson/.rvm/gems/ruby-2.0.0-p353@json_tagged_logging/specifications/rspec-core-2.14.7.gemspec
I, [2014-02-06T18:21:35.812152 #58420]  INFO -- : 0:  rspec-expectations (2.14.5) from /Users/gerickson/.rvm/gems/ruby-2.0.0-p353@json_tagged_logging/specifications/rspec-expectations-2.14.5.gemspec
I, [2014-02-06T18:21:35.812422 #58420]  INFO -- : 0:  rspec-mocks (2.14.5) from /Users/gerickson/.rvm/gems/ruby-2.0.0-p353@json_tagged_logging/specifications/rspec-mocks-2.14.5.gemspec
I, [2014-02-06T18:21:35.812668 #58420]  INFO -- : 0:  rspec (2.14.1) from /Users/gerickson/.rvm/gems/ruby-2.0.0-p353@json_tagged_logging/specifications/rspec-2.14.1.gemspec
I, [2014-02-06T18:21:35.812891 #58420]  INFO -- : 0:  respec (0.5.0) from /Users/gerickson/.rvm/gems/ruby-2.0.0-p353@json_tagged_logging/specifications/respec-0.5.0.gemspec
I, [2014-02-06T18:21:35.813126 #58420]  INFO -- : 0:  bundler (1.5.1) from /Users/gerickson/.rvm/gems/ruby-2.0.0-p353@global/specifications/bundler-1.5.1.gemspec
I, [2014-02-06T18:22:04.652904 #58502]  INFO -- : 0:  i18n (0.6.9) from /Users/gerickson/.rvm/gems/ruby-2.0.0-p353@json_tagged_logging/specifications/i18n-0.6.9.gemspec
I, [2014-02-06T18:22:04.653301 #58502]  INFO -- : 0:  minitest (4.7.5) from /Users/gerickson/.rvm/gems/ruby-2.0.0-p353@json_tagged_logging/specifications/minitest-4.7.5.gemspec
I, [2014-02-06T18:22:04.653564 #58502]  INFO -- : 0:  multi_json (1.8.4) from /Users/gerickson/.rvm/gems/ruby-2.0.0-p353@json_tagged_logging/specifications/multi_json-1.8.4.gemspec
I, [2014-02-06T18:22:04.653796 #58502]  INFO -- : 0:  atomic (1.1.14) from /Users/gerickson/.rvm/gems/ruby-2.0.0-p353@json_tagged_logging/specifications/atomic-1.1.14.gemspec
I, [2014-02-06T18:22:04.654026 #58502]  INFO -- : 0:  thread_safe (0.1.3) from /Users/gerickson/.rvm/gems/ruby-2.0.0-p353@json_tagged_logging/specifications/thread_safe-0.1.3.gemspec
I, [2014-02-06T18:22:04.654251 #58502]  INFO -- : 0:  tzinfo (0.3.38) from /Users/gerickson/.rvm/gems/ruby-2.0.0-p353@json_tagged_logging/specifications/tzinfo-0.3.38.gemspec
I, [2014-02-06T18:22:04.654476 #58502]  INFO -- : 0:  activesupport (4.0.2) from /Users/gerickson/.rvm/gems/ruby-2.0.0-p353@json_tagged_logging/specifications/activesupport-4.0.2.gemspec
I, [2014-02-06T18:22:04.654701 #58502]  INFO -- : 0:  timers (1.1.0) from /Users/gerickson/.rvm/gems/ruby-2.0.0-p353@json_tagged_logging/specifications/timers-1.1.0.gemspec
I, [2014-02-06T18:22:04.654923 #58502]  INFO -- : 0:  celluloid (0.15.2) from /Users/gerickson/.rvm/gems/ruby-2.0.0-p353@json_tagged_logging/specifications/celluloid-0.15.2.gemspec
I, [2014-02-06T18:22:04.655145 #58502]  INFO -- : 0:  coderay (1.1.0) from /Users/gerickson/.rvm/gems/ruby-2.0.0-p353@json_tagged_logging/specifications/coderay-1.1.0.gemspec
I, [2014-02-06T18:22:04.655374 #58502]  INFO -- : 0:  diff-lcs (1.2.5) from /Users/gerickson/.rvm/gems/ruby-2.0.0-p353@global/specifications/diff-lcs-1.2.5.gemspec
I, [2014-02-06T18:22:04.655595 #58502]  INFO -- : 0:  ffi (1.9.3) from /Users/gerickson/.rvm/gems/ruby-2.0.0-p353@global/specifications/ffi-1.9.3.gemspec
I, [2014-02-06T18:22:04.655818 #58502]  INFO -- : 0:  formatador (0.2.4) from /Users/gerickson/.rvm/gems/ruby-2.0.0-p353@json_tagged_logging/specifications/formatador-0.2.4.gemspec
I, [2014-02-06T18:22:04.656040 #58502]  INFO -- : 0:  rb-fsevent (0.9.4) from /Users/gerickson/.rvm/gems/ruby-2.0.0-p353@global/specifications/rb-fsevent-0.9.4.gemspec
I, [2014-02-06T18:22:04.656263 #58502]  INFO -- : 0:  rb-inotify (0.9.3) from /Users/gerickson/.rvm/gems/ruby-2.0.0-p353@global/specifications/rb-inotify-0.9.3.gemspec
I, [2014-02-06T18:22:04.656496 #58502]  INFO -- : 0:  listen (2.4.0) from /Users/gerickson/.rvm/gems/ruby-2.0.0-p353@json_tagged_logging/specifications/listen-2.4.0.gemspec
I, [2014-02-06T18:22:04.656716 #58502]  INFO -- : 0:  lumberjack (1.0.4) from /Users/gerickson/.rvm/gems/ruby-2.0.0-p353@json_tagged_logging/specifications/lumberjack-1.0.4.gemspec
I, [2014-02-06T18:22:04.656936 #58502]  INFO -- : 0:  method_source (0.8.2) from /Users/gerickson/.rvm/gems/ruby-2.0.0-p353@json_tagged_logging/specifications/method_source-0.8.2.gemspec
I, [2014-02-06T18:22:04.657157 #58502]  INFO -- : 0:  slop (3.4.7) from /Users/gerickson/.rvm/gems/ruby-2.0.0-p353@json_tagged_logging/specifications/slop-3.4.7.gemspec
I, [2014-02-06T18:22:04.657378 #58502]  INFO -- : 0:  pry (0.9.12.6) from /Users/gerickson/.rvm/gems/ruby-2.0.0-p353@json_tagged_logging/specifications/pry-0.9.12.6.gemspec
I, [2014-02-06T18:22:04.657596 #58502]  INFO -- : 0:  thor (0.18.1) from /Users/gerickson/.rvm/gems/ruby-2.0.0-p353@json_tagged_logging/specifications/thor-0.18.1.gemspec
I, [2014-02-06T18:22:04.657823 #58502]  INFO -- : 0:  guard (2.4.0) from /Users/gerickson/.rvm/gems/ruby-2.0.0-p353@json_tagged_logging/specifications/guard-2.4.0.gemspec
I, [2014-02-06T18:22:04.658044 #58502]  INFO -- : 0:  rspec-core (2.14.7) from /Users/gerickson/.rvm/gems/ruby-2.0.0-p353@json_tagged_logging/specifications/rspec-core-2.14.7.gemspec
I, [2014-02-06T18:22:04.658266 #58502]  INFO -- : 0:  rspec-expectations (2.14.5) from /Users/gerickson/.rvm/gems/ruby-2.0.0-p353@json_tagged_logging/specifications/rspec-expectations-2.14.5.gemspec
I, [2014-02-06T18:22:04.658499 #58502]  INFO -- : 0:  rspec-mocks (2.14.5) from /Users/gerickson/.rvm/gems/ruby-2.0.0-p353@json_tagged_logging/specifications/rspec-mocks-2.14.5.gemspec
I, [2014-02-06T18:22:04.658738 #58502]  INFO -- : 0:  rspec (2.14.1) from /Users/gerickson/.rvm/gems/ruby-2.0.0-p353@json_tagged_logging/specifications/rspec-2.14.1.gemspec
I, [2014-02-06T18:22:06.552213 #58502]  INFO -- : 0:  guard-rspec (4.2.5) from /Users/gerickson/.rvm/gems/ruby-2.0.0-p353@json_tagged_logging/specifications/guard-rspec-4.2.5.gemspec
I, [2014-02-06T18:22:06.552598 #58502]  INFO -- : 0:  respec (0.5.0) from /Users/gerickson/.rvm/gems/ruby-2.0.0-p353@json_tagged_logging/specifications/respec-0.5.0.gemspec
I, [2014-02-06T18:22:06.552840 #58502]  INFO -- : 0:  bundler (1.5.1) from /Users/gerickson/.rvm/gems/ruby-2.0.0-p353@global/specifications/bundler-1.5.1.gemspec
